<?xml version="1.0" encoding="UTF-8" ?>
<testsuite tests="4" failures="0" name="com.sample.mvc.controllerTest.EmployeeControllerTest" time="0.967" errors="0" skipped="0">
  <properties>
[...]
</properties>
  <testcase classname="com.sample.mvc.controllerTest.EmployeeControllerTest" name="testUpdateEmployee" time="0.733"/>
  <testcase classname="com.sample.mvc.controllerTest.EmployeeControllerTest" name="testAddEmployee" time="0.062"/>
  <testcase classname="com.sample.mvc.controllerTest.EmployeeControllerTest" name="findById" time="0.016"/>
  <testcase classname="com.sample.mvc.controllerTest.EmployeeControllerTest" name="testViewHome" time="0"/>
</testsuite>